[    2729ms] [WARNING] Statsig is not ready to log exposures, will retry in 1 seconds @ https://www.figma.com/webpack-artifacts/assets/vendor-core-f234877ad2dd8132.min.js.br:53
[    3829ms] [ERROR] Error fetching plan user: [Object] @ https://www.figma.com/webpack-artifacts/assets/vendor-core-f234877ad2dd8132.min.js.br:53
[    4298ms] [WARNING] The powerPreference option is currently ignored when calling requestAdapter() on Windows. See https://crbug.com/369219127 @ https://www.figma.com/webpack-artifacts/assets/5608-f69620f55df5f4ae.min.js.br:1699
[    6105ms] [ERROR] Failed to load resource: the server responded with a status of 401 () @ https://www.figma.com/api/folders/191506274:0
[    6242ms] E: XHR for "/api/folders/191506274" failed with status 401
    at C (https://www.figma.com/webpack-artifacts/assets/5608-f69620f55df5f4ae.min.js.br:1609:13698)
    at async Object.P [as get] (https://www.figma.com/webpack-artifacts/assets/5608-f69620f55df5f4ae.min.js.br:1609:14081)
    at async https://www.figma.com/webpack-artifacts/assets/5608-f69620f55df5f4ae.min.js.br:1404:139161
    at async _.validate (https://www.figma.com/webpack-artifacts/assets/figma_app_beta-499bb5a90c02022c.min.js.br:422:1522800)
    at async h.fetchObject (https://www.figma.com/webpack-artifacts/assets/5608-f69620f55df5f4ae.min.js.br:878:213870)
    at async g (https://www.figma.com/webpack-artifacts/assets/5608-f69620f55df5f4ae.min.js.br:878:194252)
[   59482ms] [WARNING] Failed to execute 'postMessage' on 'DOMWindow': The target origin provided ('https://marketing.figma.com') does not match the recipient window's origin ('https://www.figma.com'). @ https://www.figma.com/webpack-artifacts/assets/5608-f69620f55df5f4ae.min.js.br:1538
[   59490ms] [WARNING] Failed to execute 'postMessage' on 'DOMWindow': The target origin provided ('https://marketing.figma.com') does not match the recipient window's origin ('https://www.figma.com'). @ https://www.figma.com/webpack-artifacts/assets/5608-f69620f55df5f4ae.min.js.br:1538
[   59974ms] [WARNING] [GSI_LOGGER]: Your client application uses one of the Google One Tap prompt UI status methods that may stop functioning when FedCM becomes mandatory. Refer to the migration guide to update your code accordingly and opt-in to FedCM to test your changes. Learn more: https://developers.google.com/identity/gsi/web/guides/fedcm-migration?s=dc#display_moment and https://developers.google.com/identity/gsi/web/guides/fedcm-migration?s=dc#skipped_moment @ https://www.figma.com/webpack-artifacts/assets/vendor-core-f234877ad2dd8132.min.js.br:53
[   59975ms] [WARNING] [GSI_LOGGER]: Currently, you disable FedCM on Google One Tap. FedCM for One Tap will become mandatory soon, and you won’t be able to disable it. Refer to the migration guide to update your code accordingly to ensure users will not be blocked from logging in. Learn more: https://developers.google.com/identity/gsi/web/guides/fedcm-migration @ https://www.figma.com/webpack-artifacts/assets/vendor-core-f234877ad2dd8132.min.js.br:53
[   60202ms] [ERROR] Failed to load resource: net::ERR_NAME_NOT_RESOLVED @ https://static.ads-twitter.com/uwt.js:0
[   60608ms] [ERROR] Attestation check for Attribution Reporting on https://www.facebook.com failed. @ https://www.figma.com/design/T6bT7aFWu9x6ipoQzIpmAI/Untitled?node-id=0-1&p=f:0
[   82429ms] [ERROR] Cross-Origin-Opener-Policy policy would block the window.closed call. @ https://www.figma.com/webpack-artifacts/assets/figma_app_beta-499bb5a90c02022c.min.js.br:421
[   82429ms] [ERROR] Cross-Origin-Opener-Policy policy would block the window.closed call. @ https://www.figma.com/webpack-artifacts/assets/figma_app_beta-499bb5a90c02022c.min.js.br:421
[  117731ms] [ERROR] Cross-Origin-Opener-Policy policy would block the window.closed call. @ https://www.figma.com/webpack-artifacts/assets/figma_app_beta-499bb5a90c02022c.min.js.br:421
[  117731ms] [ERROR] Cross-Origin-Opener-Policy policy would block the window.closed call. @ https://www.figma.com/webpack-artifacts/assets/figma_app_beta-499bb5a90c02022c.min.js.br:421
[  119039ms] [ERROR] Cross-Origin-Opener-Policy policy would block the window.closed call. @ https://www.figma.com/webpack-artifacts/assets/figma_app_beta-499bb5a90c02022c.min.js.br:421
[  119040ms] [ERROR] Cross-Origin-Opener-Policy policy would block the window.closed call. @ https://www.figma.com/webpack-artifacts/assets/figma_app_beta-499bb5a90c02022c.min.js.br:421
[  124093ms] [WARNING] Statsig is not ready to log exposures, will retry in 1 seconds @ https://www.figma.com/webpack-artifacts/assets/vendor-core-cac2c8b5af23f2c4.min.js.br:53
[  124626ms] [WARNING] The powerPreference option is currently ignored when calling requestAdapter() on Windows. See https://crbug.com/369219127 @ https://www.figma.com/webpack-artifacts/assets/7746-e5701dd0f182ab33.min.js.br:896
[  125628ms] [WARNING] The powerPreference option is currently ignored when calling requestAdapter() on Windows. See https://crbug.com/369219127 @ https://www.figma.com/webpack-artifacts/assets/7746-e5701dd0f182ab33.min.js.br:896
[  126163ms] [ERROR] Access to image at 'https://www.gravatar.com/avatar/8fec686b0bf8d8be547e1c6a953b7e63?size=240&default=https%3A%2F%2Fs3-alpha.figma.com%2Fstatic%2Fuser_a_v2.png?c=1' from origin 'https://www.figma.com' has been blocked by CORS policy: No 'Access-Control-Allow-Origin' header is present on the requested resource. @ https://www.figma.com/design/T6bT7aFWu9x6ipoQzIpmAI/Untitled?node-id=0-1&p=f&t=KUXM4lYeJbN3CAEK-0:0
[  126163ms] [ERROR] Failed to load resource: net::ERR_FAILED @ https://www.gravatar.com/avatar/8fec686b0bf8d8be547e1c6a953b7e63?size=240&default=https%3A%2F%2Fs3-alpha.figma.com%2Fstatic%2Fuser_a_v2.png?c=1:0
[  127062ms] [ERROR] Failed to load resource: the server responded with a status of 400 () @ https://www.figma.com/api/make/fetch_ds_code_gen_status:0
[  183422ms] [WARNING] Canvas2D: Multiple readback operations using getImageData are faster with the willReadFrequently attribute set to true. See: https://html.spec.whatwg.org/multipage/canvas.html#concept-canvas-will-read-frequently @ https://static.figma.com/fullscreen/389fff3c03d950d1297ba9a6e2b20dc44706922e/fullscreen-wasm/compiled_wasm.js.br:1
[  183445ms] [WARNING] Canvas2D: Multiple readback operations using getImageData are faster with the willReadFrequently attribute set to true. See: https://html.spec.whatwg.org/multipage/canvas.html#concept-canvas-will-read-frequently @ https://static.figma.com/fullscreen/389fff3c03d950d1297ba9a6e2b20dc44706922e/fullscreen-wasm/compiled_wasm.js.br:1
